<?xml version="1.0" encoding="utf-8"?><testsuites name="pytest tests"><testsuite name="pytest" errors="0" failures="0" skipped="0" tests="72" time="26.740" timestamp="2026-07-23T22:36:40.793070+00:00" hostname="forge"><testcase classname="tests.test_structure_gates" name="test_kill_reverse_75_tip_growth" time="0.008" /><testcase classname="tests.test_structure_gates" name="test_unmeasured_image_dip_without_calibration" time="0.002" /><testcase classname="tests.test_structure_gates" name="test_pass_clean_normal_taper" time="0.002" /><testcase classname="tests.test_structure_gates" name="test_topology_cross_kill" time="0.001" /><testcase classname="tests.test_structure_gates" name="test_growth_kill_and_restore_stub" time="0.002" /><testcase classname="tests.test_structure_gates" name="test_impossible_multi_kill_pack" time="0.002" /><testcase classname="tests.test_structure_gates" name="test_interpretation_bundle_multi_hypothesis" time="0.002" /><testcase classname="tests.test_structure_gates" name="test_falsify_structural_claim_type" time="0.002" /><testcase classname="tests.test_structure_gates" name="test_k_dip_ve_correction_kills_apparent_normal" time="0.002" /><testcase classname="tests.test_structure_gates" name="test_k_vel_unmeasured_without_velocity" time="0.002" /><testcase classname="tests.test_structure_gates" name="test_alias_keys_dmax_m_throw_profile_m_kill" time="0.002" /><testcase classname="tests.test_seismic_mode_router_contracts" name="test_empty_input_mode_contracts_are_distinct" time="1.900" /><testcase classname="tests.test_seismic_mode_router_contracts" name="test_rsi_pipeline_empty_is_not_horizon_contrast_error" time="0.001" /><testcase classname="tests.test_seismic_mode_router_contracts" name="test_propose_leg_interpret_section_emits_geometry" time="2.877" /><testcase classname="tests.test_seismic_mode_router_contracts" name="test_classical_section_aliases_to_propose" time="2.847" /><testcase classname="tests.test_seismic_interpret_contract" name="test_interpret_request_discriminated_union_modes" time="0.002" /><testcase classname="tests.test_seismic_interpret_contract" name="test_transport_envelope_retained_and_typos_forbid" time="0.002" /><testcase classname="tests.test_seismic_interpret_contract" name="test_json_schema_generated_from_models" time="0.018" /><testcase classname="tests.test_seismic_interpret_contract" name="test_handler_params_include_contract_fields" time="0.001" /><testcase classname="tests.test_seismic_interpret_contract" name="test_unknown_mode_explicit_failure" time="0.001" /><testcase classname="tests.test_seismic_interpret_contract" name="test_undeclared_mode_does_not_fall_through_to_horizon_error" time="0.001" /><testcase classname="tests.test_seismic_interpret_contract" name="test_preferred_hypothesis_always_null_from_geox" time="0.002" /><testcase classname="tests.test_zen_scaffolding" name="test_structure_tensor_returns_dip_and_coherence" time="0.002" /><testcase classname="tests.test_zen_scaffolding" name="test_semblance_coherence_in_unit_range" time="0.001" /><testcase classname="tests.test_zen_scaffolding" name="test_dp_horizon_tracker_walks_columns" time="0.001" /><testcase classname="tests.test_zen_scaffolding" name="test_rgt_estimation_monotonic_in_x" time="0.001" /><testcase classname="tests.test_zen_scaffolding" name="test_classical_baseline_returns_candidate_geometry" time="0.012" /><testcase classname="tests.test_zen_scaffolding" name="test_artifact_sha256_stable" time="0.001" /><testcase classname="tests.test_zen_scaffolding" name="test_onnx_manifest_rejects_noncommercial_license" time="0.003" /><testcase classname="tests.test_zen_scaffolding" name="test_onnx_manifest_accepts_apache" time="0.001" /><testcase classname="tests.test_zen_scaffolding" name="test_onnx_adapter_refuses_to_seal" time="0.000" /><testcase classname="tests.test_zen_scaffolding" name="test_classical_baseline_adapter_proposes_int_seismic" time="0.005" /><testcase classname="tests.test_zen_scaffolding" name="test_add_seeds_appends_and_returns_receipt" time="0.001" /><testcase classname="tests.test_zen_scaffolding" name="test_remove_segment_filters_by_type" time="0.000" /><testcase classname="tests.test_zen_scaffolding" name="test_join_faults_links_two_into_one" time="0.001" /><testcase classname="tests.test_zen_scaffolding" name="test_split_fault_dups_with_ab_suffix" time="0.000" /><testcase classname="tests.test_zen_scaffolding" name="test_mark_unconformity_sets_relation" time="0.000" /><testcase classname="tests.test_zen_scaffolding" name="test_select_alternative_records_choice" time="0.000" /><testcase classname="tests.test_zen_scaffolding" name="test_freeze_accepted_geometry_marks_eligibility" time="0.000" /><testcase classname="tests.test_zen_scaffolding" name="test_rerun_gates_calls_matrix" time="0.001" /><testcase classname="tests.test_zen_scaffolding" name="test_artifact_ingest_emits_hash_and_chain" time="0.002" /><testcase classname="tests.test_zen_scaffolding" name="test_artifact_ingest_handles_missing_file" time="0.000" /><testcase classname="tests.test_zen_scaffolding" name="test_calibration_state_full" time="0.000" /><testcase classname="tests.test_zen_scaffolding" name="test_calibration_state_partial_missing" time="0.000" /><testcase classname="tests.test_zen_scaffolding" name="test_calibration_state_empty" time="0.000" /><testcase classname="tests.test_transport_envelope_propagation" name="test_strictmodel_uses_forbid_live" time="0.000" /><testcase classname="tests.test_transport_envelope_propagation" name="test_transport_aware_declares_four_transport_fields" time="0.000" /><testcase classname="tests.test_transport_envelope_propagation" name="test_handler_signature_accepts_transport_kwargs" time="0.000" /><testcase classname="tests.test_transport_envelope_propagation" name="test_transport_reaches_response_provenance" time="7.691" /><testcase classname="tests.test_transport_envelope_propagation" name="test_transport_omitted_does_not_clobber_existing_provenance" time="7.805" /><testcase classname="tests.test_seismic_interpret_p0" name="test_horizon_contrast_reachable_with_attribute_data" time="0.019" /><testcase classname="tests.test_seismic_interpret_p0" name="test_normalized_amplitude_does_not_use_ai_guard" time="0.003" /><testcase classname="tests.test_seismic_interpret_p0" name="test_mode_router_honest_hold_for_vision_still_not_public" time="0.001" /><testcase classname="tests.test_seismic_interpret_p0" name="test_rsi_pipeline_requires_image_path_not_mode_not_public" time="0.001" /><testcase classname="tests.test_seismic_interpret_p0" name="test_missing_attribute_data_clear_error" time="0.001" /><testcase classname="tests.test_seismic_interpret_p0" name="test_public_tool_schema_includes_attribute_data" time="0.472" /><testcase classname="tests.test_physics_gates.TestGeomechanicsGates" name="test_sandstone_moduli" time="0.003" /><testcase classname="tests.test_physics_gates.TestGeomechanicsGates" name="test_limestone_moduli" time="0.001" /><testcase classname="tests.test_physics_gates.TestGeomechanicsGates" name="test_shale_moduli" time="0.001" /><testcase classname="tests.test_physics_gates.TestGeomechanicsGates" name="test_stress_polygon_zoback" time="0.005" /><testcase classname="tests.test_physics_gates.TestDeepTimeGates" name="test_present_day" time="0.035" /><testcase classname="tests.test_physics_gates.TestDeepTimeGates" name="test_eocene_warm" time="0.003" /><testcase classname="tests.test_physics_gates.TestDeepTimeGates" name="test_ice_free_periods" time="0.002" /><testcase classname="tests.test_physics_gates.TestDeepTimeGates" name="test_23Ma_has_antarctic_ice" time="0.003" /><testcase classname="tests.test_physics_gates.TestDeepTimeGates" name="test_13Ma_has_antarctic_ice" time="0.002" /><testcase classname="tests.test_physics_gates.TestDeepTimeGates" name="test_16Ma_MCO_reduced_ice" time="0.002" /><testcase classname="tests.test_physics_gates.TestDeepTimeGates" name="test_50Ma_true_ice_free" time="0.002" /><testcase classname="tests.test_physics_gates.TestRockPhysicsGates" name="test_vsh_bounds" time="0.000" /><testcase classname="tests.test_physics_gates.TestRockPhysicsGates" name="test_porosity_bounds" time="0.000" /><testcase classname="tests.test_physics_gates.TestRockPhysicsGates" name="test_archie_sw_bounds" time="0.000" /><testcase classname="tests.test_physics_gates.TestGravityGates" name="test_single_prism_anomaly" time="1.969" /><testcase classname="tests.test_physics_gates.TestGravityGates" name="test_empty_prisms_zero_anomaly" time="0.001" /></testsuite></testsuites>